This is pdfTeX, Version 3.14159265-2.6-1.40.16 (MiKTeX 2.9) (preloaded format=pdflatex 2016.1.31)  8 NOV 2016 23:30
entering extended mode
**./disser.tex
(disser.tex
LaTeX2e <2015/10/01> patch level 2
Babel <3.9n> and hyphenation patterns for 69 languages loaded.
("C:\Users\Admin\AppData\Local\Programs\MiKTeX 2.9\tex\latex\base\report.cls"
Document Class: report 2014/09/29 v1.4h Standard LaTeX document class
("C:\Users\Admin\AppData\Local\Programs\MiKTeX 2.9\tex\latex\base\size10.clo"
File: size10.clo 2014/09/29 v1.4h Standard LaTeX file (size option)
)
\c@part=\count79
\c@chapter=\count80
\c@section=\count81
\c@subsection=\count82
\c@subsubsection=\count83
\c@paragraph=\count84
\c@subparagraph=\count85
\c@figure=\count86
\c@table=\count87
\abovecaptionskip=\skip41
\belowcaptionskip=\skip42
\bibindent=\dimen102
) ("C:\Users\Admin\AppData\Local\Programs\MiKTeX 2.9\tex\latex\base\fontenc.sty
"
Package: fontenc 2005/09/27 v1.99g Standard LaTeX package

("C:\Users\Admin\AppData\Local\Programs\MiKTeX 2.9\tex\latex\cyrillic\lcyenc.de
f"
File: lcyenc.def 2004/05/28 v3.4d Cyrillic encoding definition file
)
LaTeX Font Info:    Try loading font information for LCY+cmr on input line 105.


("C:\Users\Admin\AppData\Local\Programs\MiKTeX 2.9\tex\latex\cyrillic\lcycmr.fd
"
File: lcycmr.fd 2001/08/11 v3.2c Computer Modern Cyrillic font definitions
))
("C:\Users\Admin\AppData\Local\Programs\MiKTeX 2.9\tex\latex\base\inputenc.sty"
Package: inputenc 2015/03/17 v1.2c Input encoding file
\inpenc@prehook=\toks14
\inpenc@posthook=\toks15
("C:\Users\Admin\AppData\Local\Programs\MiKTeX 2.9\tex\latex\base\utf8.def"
File: utf8.def 2015/09/07 v1.1p UTF-8 support for inputenc
Now handling font encoding OML ...
... no UTF-8 mapping file for font encoding OML
Now handling font encoding T1 ...
... processing UTF-8 mapping file for font encoding T1

("C:\Users\Admin\AppData\Local\Programs\MiKTeX 2.9\tex\latex\base\t1enc.dfu"
File: t1enc.dfu 2015/09/07 v1.1p UTF-8 support for inputenc
   defining Unicode char U+00A0 (decimal 160)
   defining Unicode char U+00A1 (decimal 161)
   defining Unicode char U+00A3 (decimal 163)
   defining Unicode char U+00AB (decimal 171)
   defining Unicode char U+00AD (decimal 173)
   defining Unicode char U+00BB (decimal 187)
   defining Unicode char U+00BF (decimal 191)
   defining Unicode char U+00C0 (decimal 192)
   defining Unicode char U+00C1 (decimal 193)
   defining Unicode char U+00C2 (decimal 194)
   defining Unicode char U+00C3 (decimal 195)
   defining Unicode char U+00C4 (decimal 196)
   defining Unicode char U+00C5 (decimal 197)
   defining Unicode char U+00C6 (decimal 198)
   defining Unicode char U+00C7 (decimal 199)
   defining Unicode char U+00C8 (decimal 200)
   defining Unicode char U+00C9 (decimal 201)
   defining Unicode char U+00CA (decimal 202)
   defining Unicode char U+00CB (decimal 203)
   defining Unicode char U+00CC (decimal 204)
   defining Unicode char U+00CD (decimal 205)
   defining Unicode char U+00CE (decimal 206)
   defining Unicode char U+00CF (decimal 207)
   defining Unicode char U+00D0 (decimal 208)
   defining Unicode char U+00D1 (decimal 209)
   defining Unicode char U+00D2 (decimal 210)
   defining Unicode char U+00D3 (decimal 211)
   defining Unicode char U+00D4 (decimal 212)
   defining Unicode char U+00D5 (decimal 213)
   defining Unicode char U+00D6 (decimal 214)
   defining Unicode char U+00D8 (decimal 216)
   defining Unicode char U+00D9 (decimal 217)
   defining Unicode char U+00DA (decimal 218)
   defining Unicode char U+00DB (decimal 219)
   defining Unicode char U+00DC (decimal 220)
   defining Unicode char U+00DD (decimal 221)
   defining Unicode char U+00DE (decimal 222)
   defining Unicode char U+00DF (decimal 223)
   defining Unicode char U+00E0 (decimal 224)
   defining Unicode char U+00E1 (decimal 225)
   defining Unicode char U+00E2 (decimal 226)
   defining Unicode char U+00E3 (decimal 227)
   defining Unicode char U+00E4 (decimal 228)
   defining Unicode char U+00E5 (decimal 229)
   defining Unicode char U+00E6 (decimal 230)
   defining Unicode char U+00E7 (decimal 231)
   defining Unicode char U+00E8 (decimal 232)
   defining Unicode char U+00E9 (decimal 233)
   defining Unicode char U+00EA (decimal 234)
   defining Unicode char U+00EB (decimal 235)
   defining Unicode char U+00EC (decimal 236)
   defining Unicode char U+00ED (decimal 237)
   defining Unicode char U+00EE (decimal 238)
   defining Unicode char U+00EF (decimal 239)
   defining Unicode char U+00F0 (decimal 240)
   defining Unicode char U+00F1 (decimal 241)
   defining Unicode char U+00F2 (decimal 242)
   defining Unicode char U+00F3 (decimal 243)
   defining Unicode char U+00F4 (decimal 244)
   defining Unicode char U+00F5 (decimal 245)
   defining Unicode char U+00F6 (decimal 246)
   defining Unicode char U+00F8 (decimal 248)
   defining Unicode char U+00F9 (decimal 249)
   defining Unicode char U+00FA (decimal 250)
   defining Unicode char U+00FB (decimal 251)
   defining Unicode char U+00FC (decimal 252)
   defining Unicode char U+00FD (decimal 253)
   defining Unicode char U+00FE (decimal 254)
   defining Unicode char U+00FF (decimal 255)
   defining Unicode char U+0102 (decimal 258)
   defining Unicode char U+0103 (decimal 259)
   defining Unicode char U+0104 (decimal 260)
   defining Unicode char U+0105 (decimal 261)
   defining Unicode char U+0106 (decimal 262)
   defining Unicode char U+0107 (decimal 263)
   defining Unicode char U+010C (decimal 268)
   defining Unicode char U+010D (decimal 269)
   defining Unicode char U+010E (decimal 270)
   defining Unicode char U+010F (decimal 271)
   defining Unicode char U+0110 (decimal 272)
   defining Unicode char U+0111 (decimal 273)
   defining Unicode char U+0118 (decimal 280)
   defining Unicode char U+0119 (decimal 281)
   defining Unicode char U+011A (decimal 282)
   defining Unicode char U+011B (decimal 283)
   defining Unicode char U+011E (decimal 286)
   defining Unicode char U+011F (decimal 287)
   defining Unicode char U+0130 (decimal 304)
   defining Unicode char U+0131 (decimal 305)
   defining Unicode char U+0132 (decimal 306)
   defining Unicode char U+0133 (decimal 307)
   defining Unicode char U+0139 (decimal 313)
   defining Unicode char U+013A (decimal 314)
   defining Unicode char U+013D (decimal 317)
   defining Unicode char U+013E (decimal 318)
   defining Unicode char U+0141 (decimal 321)
   defining Unicode char U+0142 (decimal 322)
   defining Unicode char U+0143 (decimal 323)
   defining Unicode char U+0144 (decimal 324)
   defining Unicode char U+0147 (decimal 327)
   defining Unicode char U+0148 (decimal 328)
   defining Unicode char U+014A (decimal 330)
   defining Unicode char U+014B (decimal 331)
   defining Unicode char U+0150 (decimal 336)
   defining Unicode char U+0151 (decimal 337)
   defining Unicode char U+0152 (decimal 338)
   defining Unicode char U+0153 (decimal 339)
   defining Unicode char U+0154 (decimal 340)
   defining Unicode char U+0155 (decimal 341)
   defining Unicode char U+0158 (decimal 344)
   defining Unicode char U+0159 (decimal 345)
   defining Unicode char U+015A (decimal 346)
   defining Unicode char U+015B (decimal 347)
   defining Unicode char U+015E (decimal 350)
   defining Unicode char U+015F (decimal 351)
   defining Unicode char U+0160 (decimal 352)
   defining Unicode char U+0161 (decimal 353)
   defining Unicode char U+0162 (decimal 354)
   defining Unicode char U+0163 (decimal 355)
   defining Unicode char U+0164 (decimal 356)
   defining Unicode char U+0165 (decimal 357)
   defining Unicode char U+016E (decimal 366)
   defining Unicode char U+016F (decimal 367)
   defining Unicode char U+0170 (decimal 368)
   defining Unicode char U+0171 (decimal 369)
   defining Unicode char U+0174 (decimal 372)
   defining Unicode char U+0175 (decimal 373)
   defining Unicode char U+0176 (decimal 374)
   defining Unicode char U+0177 (decimal 375)
   defining Unicode char U+0178 (decimal 376)
   defining Unicode char U+0179 (decimal 377)
   defining Unicode char U+017A (decimal 378)
   defining Unicode char U+017B (decimal 379)
   defining Unicode char U+017C (decimal 380)
   defining Unicode char U+017D (decimal 381)
   defining Unicode char U+017E (decimal 382)
   defining Unicode char U+0218 (decimal 536)
   defining Unicode char U+0219 (decimal 537)
   defining Unicode char U+021A (decimal 538)
   defining Unicode char U+021B (decimal 539)
   defining Unicode char U+200C (decimal 8204)
   defining Unicode char U+2013 (decimal 8211)
   defining Unicode char U+2014 (decimal 8212)
   defining Unicode char U+2018 (decimal 8216)
   defining Unicode char U+2019 (decimal 8217)
   defining Unicode char U+201A (decimal 8218)
   defining Unicode char U+201C (decimal 8220)
   defining Unicode char U+201D (decimal 8221)
   defining Unicode char U+201E (decimal 8222)
   defining Unicode char U+2030 (decimal 8240)
   defining Unicode char U+2031 (decimal 8241)
   defining Unicode char U+2039 (decimal 8249)
   defining Unicode char U+203A (decimal 8250)
   defining Unicode char U+2423 (decimal 9251)
)
Now handling font encoding OT1 ...
... processing UTF-8 mapping file for font encoding OT1

("C:\Users\Admin\AppData\Local\Programs\MiKTeX 2.9\tex\latex\base\ot1enc.dfu"
File: ot1enc.dfu 2015/09/07 v1.1p UTF-8 support for inputenc
   defining Unicode char U+00A0 (decimal 160)
   defining Unicode char U+00A1 (decimal 161)
   defining Unicode char U+00A3 (decimal 163)
   defining Unicode char U+00AD (decimal 173)
   defining Unicode char U+00B8 (decimal 184)
   defining Unicode char U+00BF (decimal 191)
   defining Unicode char U+00C5 (decimal 197)
   defining Unicode char U+00C6 (decimal 198)
   defining Unicode char U+00D8 (decimal 216)
   defining Unicode char U+00DF (decimal 223)
   defining Unicode char U+00E6 (decimal 230)
   defining Unicode char U+00EC (decimal 236)
   defining Unicode char U+00ED (decimal 237)
   defining Unicode char U+00EE (decimal 238)
   defining Unicode char U+00EF (decimal 239)
   defining Unicode char U+00F8 (decimal 248)
   defining Unicode char U+0131 (decimal 305)
   defining Unicode char U+0141 (decimal 321)
   defining Unicode char U+0142 (decimal 322)
   defining Unicode char U+0152 (decimal 338)
   defining Unicode char U+0153 (decimal 339)
   defining Unicode char U+0174 (decimal 372)
   defining Unicode char U+0175 (decimal 373)
   defining Unicode char U+0176 (decimal 374)
   defining Unicode char U+0177 (decimal 375)
   defining Unicode char U+0218 (decimal 536)
   defining Unicode char U+0219 (decimal 537)
   defining Unicode char U+021A (decimal 538)
   defining Unicode char U+021B (decimal 539)
   defining Unicode char U+2013 (decimal 8211)
   defining Unicode char U+2014 (decimal 8212)
   defining Unicode char U+2018 (decimal 8216)
   defining Unicode char U+2019 (decimal 8217)
   defining Unicode char U+201C (decimal 8220)
   defining Unicode char U+201D (decimal 8221)
)
Now handling font encoding OMS ...
... processing UTF-8 mapping file for font encoding OMS

("C:\Users\Admin\AppData\Local\Programs\MiKTeX 2.9\tex\latex\base\omsenc.dfu"
File: omsenc.dfu 2015/09/07 v1.1p UTF-8 support for inputenc
   defining Unicode char U+00A7 (decimal 167)
   defining Unicode char U+00B6 (decimal 182)
   defining Unicode char U+00B7 (decimal 183)
   defining Unicode char U+2020 (decimal 8224)
   defining Unicode char U+2021 (decimal 8225)
   defining Unicode char U+2022 (decimal 8226)
)
Now handling font encoding OMX ...
... no UTF-8 mapping file for font encoding OMX
Now handling font encoding U ...
... no UTF-8 mapping file for font encoding U
Now handling font encoding LCY ...
... processing UTF-8 mapping file for font encoding LCY

("C:\Users\Admin\AppData\Local\Programs\MiKTeX 2.9\tex\latex\base\lcyenc.dfu"
File: lcyenc.dfu 2015/09/07 v1.1p UTF-8 support for inputenc
   defining Unicode char U+00A4 (decimal 164)
   defining Unicode char U+00AB (decimal 171)
   defining Unicode char U+00BB (decimal 187)
   defining Unicode char U+00C6 (decimal 198)
   defining Unicode char U+00D8 (decimal 216)
   defining Unicode char U+00DF (decimal 223)
   defining Unicode char U+00E6 (decimal 230)
   defining Unicode char U+00F8 (decimal 248)
   defining Unicode char U+0131 (decimal 305)
   defining Unicode char U+0152 (decimal 338)
   defining Unicode char U+0153 (decimal 339)
   defining Unicode char U+0400 (decimal 1024)
   defining Unicode char U+0401 (decimal 1025)
   defining Unicode char U+0403 (decimal 1027)
   defining Unicode char U+0404 (decimal 1028)
   defining Unicode char U+0406 (decimal 1030)
   defining Unicode char U+0407 (decimal 1031)
   defining Unicode char U+040C (decimal 1036)
   defining Unicode char U+040D (decimal 1037)
   defining Unicode char U+040E (decimal 1038)
   defining Unicode char U+0410 (decimal 1040)
   defining Unicode char U+0411 (decimal 1041)
   defining Unicode char U+0412 (decimal 1042)
   defining Unicode char U+0413 (decimal 1043)
   defining Unicode char U+0414 (decimal 1044)
   defining Unicode char U+0415 (decimal 1045)
   defining Unicode char U+0416 (decimal 1046)
   defining Unicode char U+0417 (decimal 1047)
   defining Unicode char U+0418 (decimal 1048)
   defining Unicode char U+0419 (decimal 1049)
   defining Unicode char U+041A (decimal 1050)
   defining Unicode char U+041B (decimal 1051)
   defining Unicode char U+041C (decimal 1052)
   defining Unicode char U+041D (decimal 1053)
   defining Unicode char U+041E (decimal 1054)
   defining Unicode char U+041F (decimal 1055)
   defining Unicode char U+0420 (decimal 1056)
   defining Unicode char U+0421 (decimal 1057)
   defining Unicode char U+0422 (decimal 1058)
   defining Unicode char U+0423 (decimal 1059)
   defining Unicode char U+0424 (decimal 1060)
   defining Unicode char U+0425 (decimal 1061)
   defining Unicode char U+0426 (decimal 1062)
   defining Unicode char U+0427 (decimal 1063)
   defining Unicode char U+0428 (decimal 1064)
   defining Unicode char U+0429 (decimal 1065)
   defining Unicode char U+042A (decimal 1066)
   defining Unicode char U+042B (decimal 1067)
   defining Unicode char U+042C (decimal 1068)
   defining Unicode char U+042D (decimal 1069)
   defining Unicode char U+042E (decimal 1070)
   defining Unicode char U+042F (decimal 1071)
   defining Unicode char U+0430 (decimal 1072)
   defining Unicode char U+0431 (decimal 1073)
   defining Unicode char U+0432 (decimal 1074)
   defining Unicode char U+0433 (decimal 1075)
   defining Unicode char U+0434 (decimal 1076)
   defining Unicode char U+0435 (decimal 1077)
   defining Unicode char U+0436 (decimal 1078)
   defining Unicode char U+0437 (decimal 1079)
   defining Unicode char U+0438 (decimal 1080)
   defining Unicode char U+0439 (decimal 1081)
   defining Unicode char U+043A (decimal 1082)
   defining Unicode char U+043B (decimal 1083)
   defining Unicode char U+043C (decimal 1084)
   defining Unicode char U+043D (decimal 1085)
   defining Unicode char U+043E (decimal 1086)
   defining Unicode char U+043F (decimal 1087)
   defining Unicode char U+0440 (decimal 1088)
   defining Unicode char U+0441 (decimal 1089)
   defining Unicode char U+0442 (decimal 1090)
   defining Unicode char U+0443 (decimal 1091)
   defining Unicode char U+0444 (decimal 1092)
   defining Unicode char U+0445 (decimal 1093)
   defining Unicode char U+0446 (decimal 1094)
   defining Unicode char U+0447 (decimal 1095)
   defining Unicode char U+0448 (decimal 1096)
   defining Unicode char U+0449 (decimal 1097)
   defining Unicode char U+044A (decimal 1098)
   defining Unicode char U+044B (decimal 1099)
   defining Unicode char U+044C (decimal 1100)
   defining Unicode char U+044D (decimal 1101)
   defining Unicode char U+044E (decimal 1102)
   defining Unicode char U+044F (decimal 1103)
   defining Unicode char U+0450 (decimal 1104)
   defining Unicode char U+0451 (decimal 1105)
   defining Unicode char U+0453 (decimal 1107)
   defining Unicode char U+0454 (decimal 1108)
   defining Unicode char U+0456 (decimal 1110)
   defining Unicode char U+0457 (decimal 1111)
   defining Unicode char U+045C (decimal 1116)
   defining Unicode char U+045D (decimal 1117)
   defining Unicode char U+045E (decimal 1118)
   defining Unicode char U+0490 (decimal 1168)
   defining Unicode char U+0491 (decimal 1169)
   defining Unicode char U+04C1 (decimal 1217)
   defining Unicode char U+04C2 (decimal 1218)
   defining Unicode char U+04D0 (decimal 1232)
   defining Unicode char U+04D1 (decimal 1233)
   defining Unicode char U+04D2 (decimal 1234)
   defining Unicode char U+04D3 (decimal 1235)
   defining Unicode char U+04D6 (decimal 1238)
   defining Unicode char U+04D7 (decimal 1239)
   defining Unicode char U+04DC (decimal 1244)
   defining Unicode char U+04DD (decimal 1245)
   defining Unicode char U+04DE (decimal 1246)
   defining Unicode char U+04DF (decimal 1247)
   defining Unicode char U+04E2 (decimal 1250)
   defining Unicode char U+04E3 (decimal 1251)
   defining Unicode char U+04E4 (decimal 1252)
   defining Unicode char U+04E5 (decimal 1253)
   defining Unicode char U+04E6 (decimal 1254)
   defining Unicode char U+04E7 (decimal 1255)
   defining Unicode char U+04EC (decimal 1260)
   defining Unicode char U+04ED (decimal 1261)
   defining Unicode char U+04EE (decimal 1262)
   defining Unicode char U+04EF (decimal 1263)
   defining Unicode char U+04F0 (decimal 1264)
   defining Unicode char U+04F1 (decimal 1265)
   defining Unicode char U+04F2 (decimal 1266)
   defining Unicode char U+04F3 (decimal 1267)
   defining Unicode char U+04F4 (decimal 1268)
   defining Unicode char U+04F5 (decimal 1269)
   defining Unicode char U+04F8 (decimal 1272)
   defining Unicode char U+04F9 (decimal 1273)
   defining Unicode char U+2013 (decimal 8211)
   defining Unicode char U+2014 (decimal 8212)
   defining Unicode char U+2018 (decimal 8216)
   defining Unicode char U+2019 (decimal 8217)
   defining Unicode char U+201C (decimal 8220)
   defining Unicode char U+201D (decimal 8221)
   defining Unicode char U+201E (decimal 8222)
   defining Unicode char U+2116 (decimal 8470)
)
   defining Unicode char U+00A9 (decimal 169)
   defining Unicode char U+00AA (decimal 170)
   defining Unicode char U+00AE (decimal 174)
   defining Unicode char U+00BA (decimal 186)
   defining Unicode char U+02C6 (decimal 710)
   defining Unicode char U+02DC (decimal 732)
   defining Unicode char U+200C (decimal 8204)
   defining Unicode char U+2026 (decimal 8230)
   defining Unicode char U+2122 (decimal 8482)
   defining Unicode char U+2423 (decimal 9251)
))
("C:\Users\Admin\AppData\Local\Programs\MiKTeX 2.9\tex\latex\amsmath\amsmath.st
y"
Package: amsmath 2013/01/14 v2.14 AMS math features
\@mathmargin=\skip43

For additional information on amsmath, use the `?' option.

("C:\Users\Admin\AppData\Local\Programs\MiKTeX 2.9\tex\latex\amsmath\amstext.st
y"
Package: amstext 2000/06/29 v2.01

("C:\Users\Admin\AppData\Local\Programs\MiKTeX 2.9\tex\latex\amsmath\amsgen.sty
"
File: amsgen.sty 1999/11/30 v2.0
\@emptytoks=\toks16
\ex@=\dimen103
))
("C:\Users\Admin\AppData\Local\Programs\MiKTeX 2.9\tex\latex\amsmath\amsbsy.sty
"
Package: amsbsy 1999/11/29 v1.2d
\pmbraise@=\dimen104
)
("C:\Users\Admin\AppData\Local\Programs\MiKTeX 2.9\tex\latex\amsmath\amsopn.sty
"
Package: amsopn 1999/12/14 v2.01 operator names
)
\inf@bad=\count88
LaTeX Info: Redefining \frac on input line 210.
\uproot@=\count89
\leftroot@=\count90
LaTeX Info: Redefining \overline on input line 306.
\classnum@=\count91
\DOTSCASE@=\count92
LaTeX Info: Redefining \ldots on input line 378.
LaTeX Info: Redefining \dots on input line 381.
LaTeX Info: Redefining \cdots on input line 466.
\Mathstrutbox@=\box26
\strutbox@=\box27
\big@size=\dimen105
LaTeX Font Info:    Redeclaring font encoding OML on input line 566.
LaTeX Font Info:    Redeclaring font encoding OMS on input line 567.
\macc@depth=\count93
\c@MaxMatrixCols=\count94
\dotsspace@=\muskip10
\c@parentequation=\count95
\dspbrk@lvl=\count96
\tag@help=\toks17
\row@=\count97
\column@=\count98
\maxfields@=\count99
\andhelp@=\toks18
\eqnshift@=\dimen106
\alignsep@=\dimen107
\tagshift@=\dimen108
\tagwidth@=\dimen109
\totwidth@=\dimen110
\lineht@=\dimen111
\@envbody=\toks19
\multlinegap=\skip44
\multlinetaggap=\skip45
\mathdisplay@stack=\toks20
LaTeX Info: Redefining \[ on input line 2665.
LaTeX Info: Redefining \] on input line 2666.
)
("C:\Users\Admin\AppData\Local\Programs\MiKTeX 2.9\tex\latex\ncctools\nccmath.s
ty"
Package: nccmath 2005/02/21 v1.2 Additional Math Commands (NCC)
\NCC@fracrulewidth=\dimen112
)
("C:\Users\Admin\AppData\Local\Programs\MiKTeX 2.9\tex\latex\graphics\graphicx.
sty"
Package: graphicx 2014/10/28 v1.0g Enhanced LaTeX Graphics (DPC,SPQR)

("C:\Users\Admin\AppData\Local\Programs\MiKTeX 2.9\tex\latex\graphics\keyval.st
y"
Package: keyval 2014/10/28 v1.15 key=value parser (DPC)
\KV@toks@=\toks21
)
("C:\Users\Admin\AppData\Local\Programs\MiKTeX 2.9\tex\latex\graphics\graphics.
sty"
Package: graphics 2014/10/28 v1.0p Standard LaTeX Graphics (DPC,SPQR)

("C:\Users\Admin\AppData\Local\Programs\MiKTeX 2.9\tex\latex\graphics\trig.sty"
Package: trig 1999/03/16 v1.09 sin cos tan (DPC)
)
("C:\Users\Admin\AppData\Local\Programs\MiKTeX 2.9\tex\latex\00miktex\graphics.
cfg"
File: graphics.cfg 2007/01/18 v1.5 graphics configuration of teTeX/TeXLive
)
Package graphics Info: Driver file: pdftex.def on input line 94.

("C:\Users\Admin\AppData\Local\Programs\MiKTeX 2.9\tex\latex\pdftex-def\pdftex.
def"
File: pdftex.def 2011/05/27 v0.06d Graphics/color for pdfTeX

("C:\Users\Admin\AppData\Local\Programs\MiKTeX 2.9\tex\generic\oberdiek\infware
rr.sty"
Package: infwarerr 2010/04/08 v1.3 Providing info/warning/error messages (HO)
)
("C:\Users\Admin\AppData\Local\Programs\MiKTeX 2.9\tex\generic\oberdiek\ltxcmds
.sty"
Package: ltxcmds 2011/11/09 v1.22 LaTeX kernel commands for general use (HO)
)
\Gread@gobject=\count100
))
\Gin@req@height=\dimen113
\Gin@req@width=\dimen114
)
("C:\Users\Admin\AppData\Local\Programs\MiKTeX 2.9\tex\generic\babel\babel.sty"
Package: babel 2016/01/08 3.9n The Babel package
*************************************
* Local config file bblopts.cfg used
*

("C:\Users\Admin\AppData\Local\Programs\MiKTeX 2.9\tex\latex\00miktex\bblopts.c
fg"
File: bblopts.cfg 2006/07/31 v1.0 MiKTeX 'babel' configuration
)
("C:\Users\Admin\AppData\Local\Programs\MiKTeX 2.9\tex\latex\babel-russian\russ
ianb.ldf"
Language: russianb 2015/05/01 1.3g Russian support for the Babel system

("C:\Users\Admin\AppData\Local\Programs\MiKTeX 2.9\tex\generic\babel\babel.def"
File: babel.def 2016/01/08 3.9n Babel common definitions
\babel@savecnt=\count101
\U@D=\dimen115
)
Package babel Info: Making " an active character on input line 111.
))
("C:\Users\Admin\AppData\Local\Programs\MiKTeX 2.9\tex\latex\amsfonts\amssymb.s
ty"
Package: amssymb 2013/01/14 v3.01 AMS font symbols

("C:\Users\Admin\AppData\Local\Programs\MiKTeX 2.9\tex\latex\amsfonts\amsfonts.
sty"
Package: amsfonts 2013/01/14 v3.01 Basic AMSFonts support
\symAMSa=\mathgroup4
\symAMSb=\mathgroup5
LaTeX Font Info:    Overwriting math alphabet `\mathfrak' in version `bold'
(Font)                  U/euf/m/n --> U/euf/b/n on input line 106.
))
("C:\Users\Admin\AppData\Local\Programs\MiKTeX 2.9\tex\latex\amscls\amsthm.sty"
Package: amsthm 2015/03/04 v2.20.2
\thm@style=\toks22
\thm@bodyfont=\toks23
\thm@headfont=\toks24
\thm@notefont=\toks25
\thm@headpunct=\toks26
\thm@preskip=\skip46
\thm@postskip=\skip47
\thm@headsep=\skip48
\dth@everypar=\toks27
) ("C:\Users\Admin\AppData\Local\Programs\MiKTeX 2.9\tex\latex\cite\cite.sty"
LaTeX Info: Redefining \cite on input line 302.
LaTeX Info: Redefining \nocite on input line 332.
Package: cite 2015/02/27  v 5.5
)
("C:\Users\Admin\AppData\Local\Programs\MiKTeX 2.9\tex\latex\geometry\geometry.
sty"
Package: geometry 2010/09/12 v5.6 Page Geometry

("C:\Users\Admin\AppData\Local\Programs\MiKTeX 2.9\tex\generic\oberdiek\ifpdf.s
ty"
Package: ifpdf 2011/01/30 v2.3 Provides the ifpdf switch (HO)
Package ifpdf Info: pdfTeX in PDF mode is detected.
)
("C:\Users\Admin\AppData\Local\Programs\MiKTeX 2.9\tex\generic\oberdiek\ifvtex.
sty"
Package: ifvtex 2010/03/01 v1.5 Detect VTeX and its facilities (HO)
Package ifvtex Info: VTeX not detected.
)
("C:\Users\Admin\AppData\Local\Programs\MiKTeX 2.9\tex\generic\ifxetex\ifxetex.
sty"
Package: ifxetex 2010/09/12 v0.6 Provides ifxetex conditional
)
\Gm@cnth=\count102
\Gm@cntv=\count103
\c@Gm@tempcnt=\count104
\Gm@bindingoffset=\dimen116
\Gm@wd@mp=\dimen117
\Gm@odd@mp=\dimen118
\Gm@even@mp=\dimen119
\Gm@layoutwidth=\dimen120
\Gm@layoutheight=\dimen121
\Gm@layouthoffset=\dimen122
\Gm@layoutvoffset=\dimen123
\Gm@dimlist=\toks28

("C:\Users\Admin\AppData\Local\Programs\MiKTeX 2.9\tex\latex\geometry\geometry.
cfg"))
("C:\Users\Admin\AppData\Local\Programs\MiKTeX 2.9\tex\latex\setspace\setspace.
sty"
Package: setspace 2011/12/19 v6.7a set line spacing
)
("C:\Users\Admin\AppData\Local\Programs\MiKTeX 2.9\tex\latex\fancyhdr\fancyhdr.
sty"
\fancy@headwidth=\skip49
\f@ncyO@elh=\skip50
\f@ncyO@erh=\skip51
\f@ncyO@olh=\skip52
\f@ncyO@orh=\skip53
\f@ncyO@elf=\skip54
\f@ncyO@erf=\skip55
\f@ncyO@olf=\skip56
\f@ncyO@orf=\skip57
)
("C:\Users\Admin\AppData\Local\Programs\MiKTeX 2.9\tex\latex\titlesec\titlesec.
sty"
Package: titlesec 2016/03/21 v2.10.2 Sectioning titles
\ttl@box=\box28
\beforetitleunit=\skip58
\aftertitleunit=\skip59
\ttl@plus=\dimen124
\ttl@minus=\dimen125
\ttl@toksa=\toks29
\titlewidth=\dimen126
\titlewidthlast=\dimen127
\titlewidthfirst=\dimen128
)
("C:\Users\Admin\AppData\Local\Programs\MiKTeX 2.9\tex\latex\needspace\needspac
e.sty"
Package: needspace 2010/09/12 v1.3d reserve vertical space
)
("C:\Users\Admin\AppData\Local\Programs\MiKTeX 2.9\tex\latex\titlesec\block.tss
"
File: block.tss 2016/03/15
)
\c@theorem=\count105
\c@lemma=\count106
\c@consectary=\count107
\c@pointout=\count108
\c@definition=\count109


LaTeX Warning: Unused global option(s):
    [14pt].

(disser.aux (titul.aux) (prefix.aux)

LaTeX Warning: Label `t-1.11' multiply defined.


LaTeX Warning: Label `fig:manip1' multiply defined.


LaTeX Warning: Label `fig:manip2' multiply defined.


LaTeX Warning: Label `fig:manip2' multiply defined.

(postfix.aux) (bibliography.aux) (appendix/appendix.aux))
\openout1 = `disser.aux'.

LaTeX Font Info:    Checking defaults for OML/cmm/m/it on input line 81.
LaTeX Font Info:    ... okay on input line 81.
LaTeX Font Info:    Checking defaults for T1/cmr/m/n on input line 81.
LaTeX Font Info:    ... okay on input line 81.
LaTeX Font Info:    Checking defaults for OT1/cmr/m/n on input line 81.
LaTeX Font Info:    ... okay on input line 81.
LaTeX Font Info:    Checking defaults for OMS/cmsy/m/n on input line 81.
LaTeX Font Info:    ... okay on input line 81.
LaTeX Font Info:    Checking defaults for OMX/cmex/m/n on input line 81.
LaTeX Font Info:    ... okay on input line 81.
LaTeX Font Info:    Checking defaults for U/cmr/m/n on input line 81.
LaTeX Font Info:    ... okay on input line 81.
LaTeX Font Info:    Checking defaults for LCY/cmr/m/n on input line 81.
LaTeX Font Info:    ... okay on input line 81.

("C:\Users\Admin\AppData\Local\Programs\MiKTeX 2.9\tex\context\base\supp-pdf.mk
ii"
[Loading MPS to PDF converter (version 2006.09.02).]
\scratchcounter=\count110
\scratchdimen=\dimen129
\scratchbox=\box29
\nofMPsegments=\count111
\nofMParguments=\count112
\everyMPshowfont=\toks30
\MPscratchCnt=\count113
\MPscratchDim=\dimen130
\MPnumerator=\count114
\makeMPintoPDFobject=\count115
\everyMPtoPDFconversion=\toks31
)
*geometry* driver: auto-detecting
*geometry* detected driver: pdftex
*geometry* verbose mode - [ preamble ] result:
* driver: pdftex
* paper: a4paper
* layout: <same size as paper>
* layoutoffset:(h,v)=(0.0pt,0.0pt)
* modes: 
* h-part:(L,W,R)=(85.35826pt, 483.69687pt, 28.45274pt)
* v-part:(T,H,B)=(56.9055pt, 731.23584pt, 56.9055pt)
* \paperwidth=597.50787pt
* \paperheight=845.04684pt
* \textwidth=483.69687pt
* \textheight=731.23584pt
* \oddsidemargin=13.08827pt
* \evensidemargin=13.08827pt
* \topmargin=-52.36449pt
* \headheight=12.0pt
* \headsep=25.0pt
* \topskip=10.0pt
* \footskip=30.0pt
* \marginparwidth=57.0pt
* \marginparsep=11.0pt
* \columnsep=10.0pt
* \skip\footins=9.0pt plus 4.0pt minus 2.0pt
* \hoffset=0.0pt
* \voffset=0.0pt
* \mag=1000
* \@twocolumnfalse
* \@twosidefalse
* \@mparswitchfalse
* \@reversemarginfalse
* (1in=72.27pt=25.4mm, 1cm=28.453pt)

\openout2 = `titul.aux'.

(titul.tex) [1


{C:/Users/Admin/AppData/Local/MiKTeX/2.9/pdftex/config/pdftex.map}]
Underfull \hbox (badness 2608) in paragraph at lines 99--100
\LCY/cmr/bx/n/14.4 Глава I. Применение прямого метода Ляпунова в задачах
 []

LaTeX Font Info:    Try loading font information for OMS+cmr on input line 103.

("C:\Users\Admin\AppData\Local\Programs\MiKTeX 2.9\tex\latex\base\omscmr.fd"
File: omscmr.fd 2014/09/29 v2.5h Standard LaTeX font definitions
)
LaTeX Font Info:    Font shape `OMS/cmr/m/n' in size <14> not available
(Font)              Font shape `OMS/cmsy/m/n' tried instead on input line 103.

Underfull \hbox (badness 1472) in paragraph at lines 119--120
[]\OMS/cmsy/m/n/14.4 x\LCY/cmr/m/n/14.4 2.3. Стабилизация движения голономной м
еханической системы с
 []

[2

] [3]

LaTeX Font Warning: Font shape `LCY/cmr/m/n' in size <4> not available
(Font)              size <5> substituted on input line 146.

\openout2 = `prefix.aux'.

(prefix.tex

LaTeX Font Warning: Font shape `LCY/cmr/m/sc' in size <4> not available
(Font)              size <5> substituted on input line 1.


LaTeX Font Warning: Font shape `LCY/cmr/bx/n' in size <4> not available
(Font)              size <5> substituted on input line 6.


LaTeX Warning: Citation `nicosia' on page 4 undefined on input line 6.


LaTeX Warning: Citation `berghuis0' on page 4 undefined on input line 6.


LaTeX Warning: Citation `kelly' on page 4 undefined on input line 6.


LaTeX Warning: Citation `berghuis1' on page 4 undefined on input line 6.


LaTeX Warning: Citation `berghuis2' on page 4 undefined on input line 6.


LaTeX Warning: Citation `loria0' on page 4 undefined on input line 6.


LaTeX Warning: Citation `loria1' on page 4 undefined on input line 6.


LaTeX Warning: Citation `burkov0' on page 4 undefined on input line 6.


LaTeX Warning: Citation `burkov1' on page 4 undefined on input line 6.


LaTeX Warning: Citation `nicosia' on page 4 undefined on input line 6.


LaTeX Warning: Citation `berghuis0' on page 4 undefined on input line 6.


LaTeX Warning: Citation `burkov0' on page 4 undefined on input line 6.


LaTeX Warning: Citation `burkov1' on page 4 undefined on input line 6.


LaTeX Warning: Citation `loria2' on page 4 undefined on input line 6.


LaTeX Warning: Citation `calugi' on page 4 undefined on input line 6.


LaTeX Warning: Citation `alonge' on page 4 undefined on input line 6.


LaTeX Warning: Citation `calugi' on page 4 undefined on input line 6.


LaTeX Warning: Citation `alonge' on page 4 undefined on input line 6.


LaTeX Warning: Citation `dixon' on page 4 undefined on input line 6.


LaTeX Warning: Citation `nunes' on page 4 undefined on input line 6.


LaTeX Warning: Citation `burkov2' on page 4 undefined on input line 6.


LaTeX Warning: Citation `yarza' on page 4 undefined on input line 6.


LaTeX Warning: Citation `yarza' on page 4 undefined on input line 6.


LaTeX Warning: Citation `loria3' on page 4 undefined on input line 6.


LaTeX Warning: Citation `nicosia' on page 4 undefined on input line 7.


LaTeX Warning: Citation `loria3' on page 4 undefined on input line 7.

LaTeX Font Info:    Calculating math sizes for size <4> on input line 9.

LaTeX Font Warning: Font shape `OT1/cmr/m/n' in size <4> not available
(Font)              size <5> substituted on input line 9.


LaTeX Font Warning: Font shape `OT1/cmr/m/n' in size <2.79999> not available
(Font)              size <5> substituted on input line 9.


LaTeX Font Warning: Font shape `OT1/cmr/m/n' in size <2> not available
(Font)              size <5> substituted on input line 9.


LaTeX Font Warning: Font shape `OML/cmm/m/it' in size <4> not available
(Font)              size <5> substituted on input line 9.


LaTeX Font Warning: Font shape `OML/cmm/m/it' in size <2.79999> not available
(Font)              size <5> substituted on input line 9.


LaTeX Font Warning: Font shape `OML/cmm/m/it' in size <2> not available
(Font)              size <5> substituted on input line 9.


LaTeX Font Warning: Font shape `OMS/cmsy/m/n' in size <4> not available
(Font)              size <5> substituted on input line 9.


LaTeX Font Warning: Font shape `OMS/cmsy/m/n' in size <2.79999> not available
(Font)              size <5> substituted on input line 9.


LaTeX Font Warning: Font shape `OMS/cmsy/m/n' in size <2> not available
(Font)              size <5> substituted on input line 9.

LaTeX Font Info:    Try loading font information for U+msa on input line 9.
("C:\Users\Admin\AppData\Local\Programs\MiKTeX 2.9\tex\latex\amsfonts\umsa.fd"
File: umsa.fd 2013/01/14 v3.01 AMS symbols A
)
LaTeX Font Info:    Try loading font information for U+msb on input line 9.
("C:\Users\Admin\AppData\Local\Programs\MiKTeX 2.9\tex\latex\amsfonts\umsb.fd"
File: umsb.fd 2013/01/14 v3.01 AMS symbols B
) [4

] [5])
{\cyrillictext \CYRG \cyrl \cyra \cyrv \cyra } 1.
(chapter_1/paragraph_1/1_1.tex
Underfull \hbox (badness 1810) in paragraph at lines 81--86
[]\LCY/cmr/m/n/5 Вводится определение. Функция $\OML/cmm/m/it/5 f[] \OT1/cmr/m/
n/5 : \OML/cmm/m/it/5 R \OMS/cmsy/m/n/5  \OT1/cmr/m/n/5   \OMS/cmsy/m/n/5 ! \O
ML/cmm/m/it/5 R[]$ \LCY/cmr/m/n/5 называется предельной к $\OML/cmm/m/it/5 f;$ 
\LCY/cmr/m/n/5 если существует последовательность $[]$ такая, что
 []

[6


]

LaTeX Font Warning: Font shape `LCY/cmr/m/it' in size <4> not available
(Font)              size <5> substituted on input line 114.

[7]
Underfull \hbox (badness 4556) in paragraph at lines 253--254
[]\LCY/cmr/m/n/5 Ограниченность решения (1.1[]) уравнения позволяет применить д
ля выявления устойчивости относительно части переменных свойство
 []

[8]) (chapter_1/paragraph_2/1_2.tex [9]
Underfull \hbox (badness 2150) in paragraph at lines 90--91
[]\LCY/cmr/m/n/5 Это уравнение представляет собой совокупность функционально-ди
фференциальных уравнений с запаздывающим аргументом с конечным
 []


Underfull \hbox (badness 2564) in paragraph at lines 94--95
[]\LCY/cmr/m/n/5 Функции $\OML/cmm/m/it/5 A[]\OT1/cmr/m/n/5 (\OML/cmm/m/it/5 x\
OT1/cmr/m/n/5 (\OML/cmm/m/it/5 t\OT1/cmr/m/n/5 ))$ \LCY/cmr/m/n/5 и $\OML/cmm/m
/it/5 C[]\OT1/cmr/m/n/5 (\OML/cmm/m/it/5 x\OT1/cmr/m/n/5 (\OML/cmm/m/it/5 t\OT1
/cmr/m/n/5 )\OML/cmm/m/it/5 ; y\OT1/cmr/m/n/5 (\OML/cmm/m/it/5 t\OT1/cmr/m/n/5 
))$ \LCY/cmr/m/n/5 представляют собой равномерно непрерывные функции по отношен
ию к непрерывной совокупности
 []

[10] [11] [12]) (chapter_1/paragraph_3/1_3.tex [13]
Underfull \hbox (badness 3861) in paragraph at lines 98--99
[]\LCY/cmr/m/n/5 где $\OT1/cmr/m/n/5 [] = [](\OML/cmm/m/it/5 t; v; z\OT1/cmr/
m/n/5 )$ \LCY/cmr/m/n/5 есть некоторые непрерывно-дифференцируемая (по $\OML/cm
m/m/it/5 z$ \LCY/cmr/m/n/5 дважды) ограниченная вместе со своими производными
 []

[14]) (chapter_1/paragraph_4/1_4.tex [15]
<chapter_1/paragraph_4/img/pendulum_1.png, id=62, 319.1925pt x 185.94469pt>
File: chapter_1/paragraph_4/img/pendulum_1.png Graphic file (type png)

<use chapter_1/paragraph_4/img/pendulum_1.png>
Package pdftex.def Info: chapter_1/paragraph_4/img/pendulum_1.png used on input
 line 54.
(pdftex.def)             Requested size: 319.19171pt x 185.94421pt.

<chapter_1/paragraph_4/img/pendulum_2.png, id=64, 321.45094pt x 186.6975pt>
File: chapter_1/paragraph_4/img/pendulum_2.png Graphic file (type png)

<use chapter_1/paragraph_4/img/pendulum_2.png>
Package pdftex.def Info: chapter_1/paragraph_4/img/pendulum_2.png used on input
 line 61.
(pdftex.def)             Requested size: 321.45015pt x 186.69704pt.
) [16 <./chapter_1/paragraph_4/img/pendulum_1.png> <./chapter_1/paragraph_4/img
/pendulum_2.png>]
{\cyrillictext \CYRG \cyrl \cyra \cyrv \cyra } 2.
(chapter_2/paragraph_1/2_1.tex
<chapter_2/paragraph_1/img/manipulator.png, id=72, 228.855pt x 200.24812pt>
File: chapter_2/paragraph_1/img/manipulator.png Graphic file (type png)

<use chapter_2/paragraph_1/img/manipulator.png>
Package pdftex.def Info: chapter_2/paragraph_1/img/manipulator.png used on inpu
t line 7.
(pdftex.def)             Requested size: 228.85443pt x 200.24763pt.
 [17

 <./chapter_2/paragraph_1/img/manipulator.png>] [18]) (chapter_2/paragraph_2/2_
2.tex [19])
(chapter_2/paragraph_3/2_3.tex [20]

LaTeX Font Warning: Font shape `LCY/cmr/m/n' in size <2.79999> not available
(Font)              size <5> substituted on input line 52.


LaTeX Font Warning: Font shape `LCY/cmr/m/n' in size <2> not available
(Font)              size <5> substituted on input line 52.


LaTeX Warning: Command \cyrm invalid in math mode on input line 52.

Missing character: There is no м in font cmr5!

<chapter_2/paragraph_1/img/manip2discret.png, id=87, 584.1825pt x 284.56313pt>
File: chapter_2/paragraph_1/img/manip2discret.png Graphic file (type png)

<use chapter_2/paragraph_1/img/manip2discret.png>
Package pdftex.def Info: chapter_2/paragraph_1/img/manip2discret.png used on in
put line 61.
(pdftex.def)             Requested size: 483.69687pt x 235.62285pt.


LaTeX Warning: `h' float specifier changed to `ht'.

<chapter_2/paragraph_1/img/manip2last.png, id=88, 611.28375pt x 315.42844pt>
File: chapter_2/paragraph_1/img/manip2last.png Graphic file (type png)

<use chapter_2/paragraph_1/img/manip2last.png>
Package pdftex.def Info: chapter_2/paragraph_1/img/manip2last.png used on input
 line 67.
(pdftex.def)             Requested size: 483.69687pt x 249.59003pt.


LaTeX Warning: `h' float specifier changed to `ht'.

) (chapter_2/paragraph_4/2_4.tex [21]

LaTeX Warning: Reference `2.12'' on page 22 undefined on input line 39.


LaTeX Warning: Reference `2.13'' on page 22 undefined on input line 39.

! Missing } inserted.
<inserted text> 
                }
l.46 ...ot q_1 + \beta_1 \sin \frac{q_1}{4})^2 +\\
                                                  
I've inserted something that you may have forgotten.
(See the <inserted text> above.)
With luck, this will get me unwedged. But if you
really didn't forget anything, try typing `2' now; then
my insertion and my current dilemma will both disappear.

! Extra }, or forgotten $.
l.47 ...(\dot q_2 + \beta_2 \sin \frac{q_2}{4})^2}
                                                   - \frac{\sqrt{2}}{2} (c_1...
I've deleted a group-closing symbol because it seems to be
spurious, as in `$x}$'. But perhaps the } is legitimate and
you forgot something else, as in `\hbox{$x}'. In such cases
the way to recover is to insert both the forgotten and the
deleted material, e.g., by typing `I$}'.


LaTeX Warning: Reference `2.12'' on page 22 undefined on input line 54.


LaTeX Warning: Reference `2.13'' on page 22 undefined on input line 54.

[22 <./chapter_2/paragraph_1/img/manip2discret.png>]

LaTeX Warning: Command \cyrm invalid in math mode on input line 93.


LaTeX Warning: Command \cyrm invalid in math mode on input line 93.


LaTeX Warning: Command \cyrk invalid in math mode on input line 93.


LaTeX Warning: Command \cyrg invalid in math mode on input line 93.


LaTeX Warning: Command \cyrm invalid in math mode on input line 93.


LaTeX Warning: Command \cyrk invalid in math mode on input line 93.


LaTeX Warning: Command \cyrg invalid in math mode on input line 93.

Missing character: There is no м in font cmr5!
Missing character: There is no м in font cmr5!
Missing character: There is no к in font cmr5!
Missing character: There is no г in font cmr5!
Missing character: There is no м in font cmr5!
Missing character: There is no к in font cmr5!
Missing character: There is no г in font cmr5!
<chapter_2/paragraph_4/img/model3333.png, id=96, 900.36375pt x 574.39594pt>
File: chapter_2/paragraph_4/img/model3333.png Graphic file (type png)

<use chapter_2/paragraph_4/img/model3333.png>
Package pdftex.def Info: chapter_2/paragraph_4/img/model3333.png used on input 
line 97.
(pdftex.def)             Requested size: 900.36156pt x 574.39452pt.

Overfull \hbox (416.66469pt too wide) in paragraph at lines 97--98
 [][] 
 []


LaTeX Warning: `h' float specifier changed to `ht'.

) [23 <./chapter_2/paragraph_1/img/manip2last.png>] [24 <./chapter_2/paragraph_
4/img/model3333.png>]
{\cyrillictext \CYRG \cyrl \cyra \cyrv \cyra } 3.
(chapter_3/paragraph_1/3_1.tex
<chapter_3/paragraph_1/img/3chain.png, id=105, 245.41687pt x 236.38312pt>
File: chapter_3/paragraph_1/img/3chain.png Graphic file (type png)

<use chapter_3/paragraph_1/img/3chain.png>
Package pdftex.def Info: chapter_3/paragraph_1/img/3chain.png used on input lin
e 20.
(pdftex.def)             Requested size: 245.41626pt x 236.38254pt.
 [25

 <./chapter_3/paragraph_1/img/3chain.png>] [26]
<chapter_3/paragraph_1/img/pic1.png, id=114, 239.39438pt x 157.33781pt>
File: chapter_3/paragraph_1/img/pic1.png Graphic file (type png)

<use chapter_3/paragraph_1/img/pic1.png>
Package pdftex.def Info: chapter_3/paragraph_1/img/pic1.png used on input line 
155.
(pdftex.def)             Requested size: 239.39378pt x 157.33742pt.


LaTeX Warning: `h' float specifier changed to `ht'.

<chapter_3/paragraph_1/img/pic2.png, id=115, 247.67531pt x 157.33781pt>
File: chapter_3/paragraph_1/img/pic2.png Graphic file (type png)

<use chapter_3/paragraph_1/img/pic2.png>
Package pdftex.def Info: chapter_3/paragraph_1/img/pic2.png used on input line 
162.
(pdftex.def)             Requested size: 247.6747pt x 157.33742pt.


LaTeX Warning: `h' float specifier changed to `ht'.

<chapter_3/paragraph_1/img/pic3.png, id=116, 262.73157pt x 163.3603pt>
File: chapter_3/paragraph_1/img/pic3.png Graphic file (type png)

<use chapter_3/paragraph_1/img/pic3.png>
Package pdftex.def Info: chapter_3/paragraph_1/img/pic3.png used on input line 
169.
(pdftex.def)             Requested size: 262.73091pt x 163.3599pt.


LaTeX Warning: `h' float specifier changed to `ht'.

) (chapter_3/paragraph_2/3_2.tex) (chapter_3/paragraph_3/3_3.tex [27]) [28 <./c
hapter_3/paragraph_1/img/pic1.png> <./chapter_3/paragraph_1/img/pic2.png>]
[29 <./chapter_3/paragraph_1/img/pic3.png>]
\openout2 = `postfix.aux'.

 (postfix.tex) [30

]
\openout2 = `bibliography.aux'.


(bibliography.tex [31



] [32] [33] [34] [35] [36] [37] [38]) [39]
\openout2 = `appendix/appendix.aux'.


(appendix/appendix.tex
{\cyrillictext \CYRP \cyrr \cyri \cyrl \cyro \cyrzh \cyre \cyrn \cyri \cyre } \
CYRA .
LaTeX Font Info:    Font shape `OMS/cmr/m/n' in size <4> not available
(Font)              Font shape `OMS/cmsy/m/n' tried instead on input line 11.

LaTeX Font Warning: Font shape `OMS/cmsy/m/n' in size <4> not available
(Font)              size <5> substituted on input line 11.


Underfull \hbox (badness 1226) in paragraph at lines 14--15
[]\LCY/cmr/m/n/5 Все изображения, используемые в приложении защищены авторским 
правом, алгоритмы и методы, используемые в приложении являются
 []


! LaTeX Error: File `window' not found.

See the LaTeX manual or LaTeX Companion for explanation.
Type  H <return>  for immediate help.
 ...                                              
                                                  
l.21 ...includegraphics[width=1\linewidth]{window}
                                                  }
I could not locate the file with any of these extensions:
.png,.pdf,.jpg,.mps,.jpeg,.jbig2,.jb2,.PNG,.PDF,.JPG,.JPEG,.JBIG2,.JB2
Try typing  <return>  to proceed.
If that doesn't work, type  X <return>  to quit.


! LaTeX Error: File `theory' not found.

See the LaTeX manual or LaTeX Companion for explanation.
Type  H <return>  for immediate help.
 ...                                              
                                                  
l.32 ...includegraphics[width=1\linewidth]{theory}
                                                  }
I could not locate the file with any of these extensions:
.png,.pdf,.jpg,.mps,.jpeg,.jbig2,.jb2,.PNG,.PDF,.JPG,.JPEG,.JBIG2,.JB2
Try typing  <return>  to proceed.
If that doesn't work, type  X <return>  to quit.


! LaTeX Error: File `modeling' not found.

See the LaTeX manual or LaTeX Companion for explanation.
Type  H <return>  for immediate help.
 ...                                              
                                                  
l.43 ...cludegraphics[width=1\linewidth]{modeling}
                                                  }
I could not locate the file with any of these extensions:
.png,.pdf,.jpg,.mps,.jpeg,.jbig2,.jb2,.PNG,.PDF,.JPG,.JPEG,.JBIG2,.JB2
Try typing  <return>  to proceed.
If that doesn't work, type  X <return>  to quit.


LaTeX Warning: Reference `ris:formul' on page 40 undefined on input line 58.

[40



]) [41] (disser.aux (titul.aux) (prefix.aux) (postfix.aux) (bibliography.aux) (
appendix/appendix.aux))

LaTeX Font Warning: Size substitutions with differences
(Font)              up to 4.0pt have occurred.


LaTeX Warning: There were undefined references.


LaTeX Warning: There were multiply-defined labels.

 )
(\end occurred inside a group at level 2)

### simple group (level 2) entered at line 1 ({)
### simple group (level 1) entered at line 1 ({)
### bottom level 
Here is how much of TeX's memory you used:
 4999 strings out of 493634
 63624 string characters out of 3135239
 144971 words of memory out of 3000000
 8193 multiletter control sequences out of 15000+200000
 15152 words of font info for 50 fonts, out of 3000000 for 9000
 1025 hyphenation exceptions out of 8191
 28i,12n,45p,9619b,582s stack positions out of 5000i,500n,10000p,200000b,50000s
 <C:\Users\Admin\AppData\Local\MiKTeX\2.9\fonts\pk\ljfour\lh\lh
-lcy\dpi429\lhti7.pk> <C:\Users\Admin\AppData\Local\MiKTeX\2.9\fonts\pk\ljfour\
lh\lh-lcy\dpi600\lhbx5.pk> <C:\Users\Admin\AppData\Local\MiKTeX\2.9\fonts\pk\lj
four\lh\lh-lcy\dpi600\lhr5.pk> <C:\Users\Admin\AppData\Local\MiKTeX\2.9\fonts\p
k\ljfour\lh\lh-lcy\dpi300\lhcsc10.pk> <C:\Users\Admin\AppData\Local\MiKTeX\2.9\
fonts\pk\ljfour\lh\lh-lcy\dpi864\lhcsc10.pk> <C:\Users\Admin\AppData\Local\MiKT
eX\2.9\fonts\pk\ljfour\lh\lh-lcy\dpi600\lhr10.pk> <C:\Users\Admin\AppData\Local
\MiKTeX\2.9\fonts\pk\ljfour\lh\lh-lcy\dpi720\lhbx12.pk> <C:\Users\Admin\AppData
\Local\MiKTeX\2.9\fonts\pk\ljfour\lh\lh-lcy\dpi720\lhr12.pk><C:/Users/Admin/App
Data/Local/Programs/MiKTeX 2.9/fonts/type1/public/amsfonts/cmextra/cmex7.pfb><C
:/Users/Admin/AppData/Local/Programs/MiKTeX 2.9/fonts/type1/public/amsfonts/cm/
cmmi10.pfb><C:/Users/Admin/AppData/Local/Programs/MiKTeX 2.9/fonts/type1/public
/amsfonts/cm/cmmi5.pfb><C:/Users/Admin/AppData/Local/Programs/MiKTeX 2.9/fonts/
type1/public/amsfonts/cm/cmr10.pfb><C:/Users/Admin/AppData/Local/Programs/MiKTe
X 2.9/fonts/type1/public/amsfonts/cm/cmr5.pfb><C:/Users/Admin/AppData/Local/Pro
grams/MiKTeX 2.9/fonts/type1/public/amsfonts/cm/cmsy10.pfb><C:/Users/Admin/AppD
ata/Local/Programs/MiKTeX 2.9/fonts/type1/public/amsfonts/cm/cmsy5.pfb>
Output written on disser.pdf (41 pages, 579010 bytes).
PDF statistics:
 686 PDF objects out of 1000 (max. 8388607)
 0 named destinations out of 1000 (max. 500000)
 51 words of extra memory for PDF output out of 10000 (max. 10000000)

